{"/Users/edsonluizfragnan/Desktop/MaxMilhas/app_maxmilhas/app/config/db.js":{"path":"/Users/edsonluizfragnan/Desktop/MaxMilhas/app_maxmilhas/app/config/db.js","s":{"1":1,"2":1,"3":1,"4":1,"5":1,"6":1,"7":1},"b":{},"f":{},"fnMap":{},"statementMap":{"1":{"start":{"line":3,"column":0},"end":{"line":14,"column":2}},"2":{"start":{"line":5,"column":4},"end":{"line":5,"column":49}},"3":{"start":{"line":6,"column":4},"end":{"line":6,"column":49}},"4":{"start":{"line":8,"column":4},"end":{"line":11,"column":7}},"5":{"start":{"line":9,"column":8},"end":{"line":9,"column":111}},"6":{"start":{"line":10,"column":8},"end":{"line":10,"column":83}},"7":{"start":{"line":13,"column":4},"end":{"line":13,"column":15}}},"branchMap":{}},"/Users/edsonluizfragnan/Desktop/MaxMilhas/app_maxmilhas/app/models/model.js":{"path":"/Users/edsonluizfragnan/Desktop/MaxMilhas/app_maxmilhas/app/models/model.js","s":{"1":1,"2":1,"3":1,"4":1,"5":1,"6":0,"7":0,"8":1,"9":1,"10":1,"11":0,"12":0,"13":1,"14":2,"15":2,"16":0,"17":2,"18":1,"19":1,"20":0,"21":0,"22":1,"23":10,"24":10,"25":10,"26":10,"27":10,"28":0,"29":0,"30":0,"31":0,"32":0,"33":0,"34":0,"35":0,"36":0,"37":1,"38":1,"39":1,"40":0,"41":0,"42":1,"43":1,"44":1,"45":1,"46":0,"47":0,"48":1},"b":{"1":[0,1],"2":[0,1],"3":[0,2],"4":[0,1],"5":[10,0],"6":[0,0],"7":[0,1],"8":[0,1]},"f":{},"fnMap":{},"statementMap":{"1":{"start":{"line":3,"column":0},"end":{"line":3,"column":45}},"2":{"start":{"line":4,"column":0},"end":{"line":4,"column":47}},"3":{"start":{"line":6,"column":0},"end":{"line":119,"column":2}},"4":{"start":{"line":9,"column":8},"end":{"line":18,"column":11}},"5":{"start":{"line":10,"column":12},"end":{"line":16,"column":13}},"6":{"start":{"line":11,"column":16},"end":{"line":14,"column":18}},"7":{"start":{"line":15,"column":16},"end":{"line":15,"column":40}},"8":{"start":{"line":17,"column":12},"end":{"line":17,"column":33}},"9":{"start":{"line":22,"column":8},"end":{"line":31,"column":11}},"10":{"start":{"line":23,"column":12},"end":{"line":29,"column":13}},"11":{"start":{"line":24,"column":16},"end":{"line":27,"column":18}},"12":{"start":{"line":28,"column":16},"end":{"line":28,"column":40}},"13":{"start":{"line":30,"column":12},"end":{"line":30,"column":33}},"14":{"start":{"line":36,"column":8},"end":{"line":41,"column":11}},"15":{"start":{"line":37,"column":12},"end":{"line":39,"column":13}},"16":{"start":{"line":38,"column":16},"end":{"line":38,"column":36}},"17":{"start":{"line":40,"column":12},"end":{"line":40,"column":33}},"18":{"start":{"line":45,"column":8},"end":{"line":54,"column":11}},"19":{"start":{"line":46,"column":12},"end":{"line":52,"column":13}},"20":{"start":{"line":47,"column":16},"end":{"line":50,"column":18}},"21":{"start":{"line":51,"column":16},"end":{"line":51,"column":40}},"22":{"start":{"line":53,"column":12},"end":{"line":53,"column":33}},"23":{"start":{"line":58,"column":8},"end":{"line":58,"column":82}},"24":{"start":{"line":59,"column":8},"end":{"line":70,"column":11}},"25":{"start":{"line":60,"column":12},"end":{"line":69,"column":13}},"26":{"start":{"line":61,"column":16},"end":{"line":64,"column":18}},"27":{"start":{"line":65,"column":16},"end":{"line":65,"column":40}},"28":{"start":{"line":67,"column":16},"end":{"line":67,"column":32}},"29":{"start":{"line":68,"column":16},"end":{"line":68,"column":37}},"30":{"start":{"line":74,"column":8},"end":{"line":74,"column":77}},"31":{"start":{"line":75,"column":8},"end":{"line":86,"column":11}},"32":{"start":{"line":76,"column":12},"end":{"line":85,"column":13}},"33":{"start":{"line":77,"column":16},"end":{"line":80,"column":18}},"34":{"start":{"line":81,"column":16},"end":{"line":81,"column":40}},"35":{"start":{"line":83,"column":16},"end":{"line":83,"column":32}},"36":{"start":{"line":84,"column":16},"end":{"line":84,"column":37}},"37":{"start":{"line":90,"column":8},"end":{"line":90,"column":75}},"38":{"start":{"line":91,"column":8},"end":{"line":101,"column":11}},"39":{"start":{"line":92,"column":12},"end":{"line":100,"column":13}},"40":{"start":{"line":93,"column":16},"end":{"line":96,"column":18}},"41":{"start":{"line":97,"column":16},"end":{"line":97,"column":40}},"42":{"start":{"line":99,"column":16},"end":{"line":99,"column":36}},"43":{"start":{"line":105,"column":8},"end":{"line":105,"column":64}},"44":{"start":{"line":106,"column":8},"end":{"line":116,"column":11}},"45":{"start":{"line":107,"column":12},"end":{"line":115,"column":13}},"46":{"start":{"line":108,"column":16},"end":{"line":111,"column":18}},"47":{"start":{"line":112,"column":16},"end":{"line":112,"column":40}},"48":{"start":{"line":114,"column":16},"end":{"line":114,"column":36}}},"branchMap":{"1":{"line":10,"type":"if","locations":[{"start":{"line":10,"column":12},"end":{"line":10,"column":12}},{"start":{"line":10,"column":12},"end":{"line":10,"column":12}}]},"2":{"line":23,"type":"if","locations":[{"start":{"line":23,"column":12},"end":{"line":23,"column":12}},{"start":{"line":23,"column":12},"end":{"line":23,"column":12}}]},"3":{"line":37,"type":"if","locations":[{"start":{"line":37,"column":12},"end":{"line":37,"column":12}},{"start":{"line":37,"column":12},"end":{"line":37,"column":12}}]},"4":{"line":46,"type":"if","locations":[{"start":{"line":46,"column":12},"end":{"line":46,"column":12}},{"start":{"line":46,"column":12},"end":{"line":46,"column":12}}]},"5":{"line":60,"type":"if","locations":[{"start":{"line":60,"column":12},"end":{"line":60,"column":12}},{"start":{"line":60,"column":12},"end":{"line":60,"column":12}}]},"6":{"line":76,"type":"if","locations":[{"start":{"line":76,"column":12},"end":{"line":76,"column":12}},{"start":{"line":76,"column":12},"end":{"line":76,"column":12}}]},"7":{"line":92,"type":"if","locations":[{"start":{"line":92,"column":12},"end":{"line":92,"column":12}},{"start":{"line":92,"column":12},"end":{"line":92,"column":12}}]},"8":{"line":107,"type":"if","locations":[{"start":{"line":107,"column":12},"end":{"line":107,"column":12}},{"start":{"line":107,"column":12},"end":{"line":107,"column":12}}]}}},"/Users/edsonluizfragnan/Desktop/MaxMilhas/app_maxmilhas/app/log/logger.js":{"path":"/Users/edsonluizfragnan/Desktop/MaxMilhas/app_maxmilhas/app/log/logger.js","s":{"1":1,"2":1,"3":1,"4":0,"5":1},"b":{"1":[0,1]},"f":{},"fnMap":{},"statementMap":{"1":{"start":{"line":3,"column":0},"end":{"line":3,"column":35}},"2":{"start":{"line":4,"column":0},"end":{"line":4,"column":25}},"3":{"start":{"line":6,"column":0},"end":{"line":8,"column":1}},"4":{"start":{"line":7,"column":2},"end":{"line":7,"column":23}},"5":{"start":{"line":10,"column":0},"end":{"line":18,"column":4}}},"branchMap":{"1":{"line":6,"type":"if","locations":[{"start":{"line":6,"column":0},"end":{"line":6,"column":0}},{"start":{"line":6,"column":0},"end":{"line":6,"column":0}}]}}}}