{"/Users/edsonluizfragnan/Desktop/MaxMilhas/app_maxmilhas/app/app.js":{"path":"/Users/edsonluizfragnan/Desktop/MaxMilhas/app_maxmilhas/app/app.js","s":{"1":1,"2":1,"3":1},"b":{},"f":{},"fnMap":{},"statementMap":{"1":{"start":{"line":3,"column":0},"end":{"line":5,"column":22}},"2":{"start":{"line":7,"column":0},"end":{"line":12,"column":13}},"3":{"start":{"line":14,"column":0},"end":{"line":14,"column":21}}},"branchMap":{}},"/Users/edsonluizfragnan/Desktop/MaxMilhas/app_maxmilhas/app/config/db.js":{"path":"/Users/edsonluizfragnan/Desktop/MaxMilhas/app_maxmilhas/app/config/db.js","s":{"1":1,"2":1,"3":1,"4":1,"5":1,"6":1,"7":1},"b":{},"f":{},"fnMap":{},"statementMap":{"1":{"start":{"line":3,"column":0},"end":{"line":14,"column":2}},"2":{"start":{"line":5,"column":4},"end":{"line":5,"column":49}},"3":{"start":{"line":6,"column":4},"end":{"line":6,"column":49}},"4":{"start":{"line":8,"column":4},"end":{"line":11,"column":7}},"5":{"start":{"line":9,"column":8},"end":{"line":9,"column":111}},"6":{"start":{"line":10,"column":8},"end":{"line":10,"column":83}},"7":{"start":{"line":13,"column":4},"end":{"line":13,"column":15}}},"branchMap":{}},"/Users/edsonluizfragnan/Desktop/MaxMilhas/app_maxmilhas/app/config/infra.js":{"path":"/Users/edsonluizfragnan/Desktop/MaxMilhas/app_maxmilhas/app/config/infra.js","s":{"1":1,"2":1,"3":1,"4":1,"5":1,"6":0},"b":{"1":[1,1]},"f":{},"fnMap":{},"statementMap":{"1":{"start":{"line":3,"column":0},"end":{"line":11,"column":1}},"2":{"start":{"line":4,"column":4},"end":{"line":4,"column":44}},"3":{"start":{"line":5,"column":4},"end":{"line":5,"column":47}},"4":{"start":{"line":7,"column":4},"end":{"line":7,"column":32}},"5":{"start":{"line":8,"column":4},"end":{"line":10,"column":7}},"6":{"start":{"line":9,"column":8},"end":{"line":9,"column":61}}},"branchMap":{"1":{"line":4,"type":"binary-expr","locations":[{"start":{"line":4,"column":19},"end":{"line":4,"column":35}},{"start":{"line":4,"column":39},"end":{"line":4,"column":43}}]}}},"/Users/edsonluizfragnan/Desktop/MaxMilhas/app_maxmilhas/app/models/CpfDao.js":{"path":"/Users/edsonluizfragnan/Desktop/MaxMilhas/app_maxmilhas/app/models/CpfDao.js","s":{"1":14,"2":1,"3":1,"4":2,"5":1,"6":2,"7":1,"8":7,"9":1,"10":1,"11":1},"b":{},"f":{"1":14,"2":1,"3":1,"4":2,"5":1,"6":2,"7":1,"8":7,"9":1},"fnMap":{"1":{"name":"(anonymous_1)","line":5,"loc":{"start":{"line":5,"column":15},"end":{"line":5,"column":20}}},"2":{"name":"(anonymous_2)","line":9,"loc":{"start":{"line":9,"column":15},"end":{"line":9,"column":26}}},"3":{"name":"(anonymous_3)","line":13,"loc":{"start":{"line":13,"column":20},"end":{"line":13,"column":31}}},"4":{"name":"(anonymous_4)","line":17,"loc":{"start":{"line":17,"column":17},"end":{"line":17,"column":28}}},"5":{"name":"(anonymous_5)","line":21,"loc":{"start":{"line":21,"column":14},"end":{"line":21,"column":30}}},"6":{"name":"(anonymous_6)","line":25,"loc":{"start":{"line":25,"column":17},"end":{"line":25,"column":36}}},"7":{"name":"(anonymous_7)","line":29,"loc":{"start":{"line":29,"column":17},"end":{"line":29,"column":36}}},"8":{"name":"(anonymous_8)","line":33,"loc":{"start":{"line":33,"column":22},"end":{"line":33,"column":41}}},"9":{"name":"(anonymous_9)","line":37,"loc":{"start":{"line":37,"column":17},"end":{"line":37,"column":33}}}},"statementMap":{"1":{"start":{"line":6,"column":8},"end":{"line":6,"column":22}},"2":{"start":{"line":10,"column":8},"end":{"line":10,"column":55}},"3":{"start":{"line":14,"column":8},"end":{"line":14,"column":60}},"4":{"start":{"line":18,"column":8},"end":{"line":18,"column":75}},"5":{"start":{"line":22,"column":8},"end":{"line":22,"column":78}},"6":{"start":{"line":26,"column":8},"end":{"line":26,"column":115}},"7":{"start":{"line":30,"column":8},"end":{"line":30,"column":108}},"8":{"start":{"line":34,"column":8},"end":{"line":34,"column":88}},"9":{"start":{"line":38,"column":8},"end":{"line":38,"column":72}},"10":{"start":{"line":42,"column":0},"end":{"line":44,"column":2}},"11":{"start":{"line":43,"column":4},"end":{"line":43,"column":18}}},"branchMap":{}},"/Users/edsonluizfragnan/Desktop/MaxMilhas/app_maxmilhas/app/routes/index.js":{"path":"/Users/edsonluizfragnan/Desktop/MaxMilhas/app_maxmilhas/app/routes/index.js","s":{"1":1,"2":1,"3":1,"4":1,"5":1,"6":1,"7":1,"8":1,"9":7,"10":7,"11":7,"12":0,"13":7,"14":7,"15":7,"16":7,"17":7,"18":7,"19":7,"20":7,"21":7,"22":63,"23":7,"24":7,"25":1,"26":6,"27":6,"28":6,"29":60,"30":6,"31":6,"32":3,"33":3,"34":0,"35":1,"36":1,"37":1,"38":1,"39":2,"40":2,"41":1,"42":1,"43":1,"44":1,"45":1,"46":1,"47":1,"48":1,"49":1,"50":1,"51":1,"52":1,"53":1,"54":3,"55":3,"56":2,"57":1,"58":1,"59":1,"60":0,"61":0,"62":1,"63":3,"64":3,"65":2,"66":1,"67":1,"68":1,"69":1,"70":0,"71":1,"72":1,"73":1,"74":3,"75":3,"76":2,"77":1,"78":1,"79":1,"80":1,"81":1,"82":1,"83":1,"84":1,"85":1,"86":1,"87":1,"88":1},"b":{"1":[0,7],"2":[7,0],"3":[7,0],"4":[2,5],"5":[1,6],"6":[2,4],"7":[3,3],"8":[1,1],"9":[2,1],"10":[1,0],"11":[2,1],"12":[0,1],"13":[2,1]},"f":{"1":1,"2":1,"3":1,"4":1,"5":1},"fnMap":{"1":{"name":"(anonymous_1)","line":121,"loc":{"start":{"line":121,"column":15},"end":{"line":121,"column":33}}},"2":{"name":"(anonymous_2)","line":125,"loc":{"start":{"line":125,"column":16},"end":{"line":125,"column":34}}},"3":{"name":"(anonymous_3)","line":129,"loc":{"start":{"line":129,"column":18},"end":{"line":129,"column":36}}},"4":{"name":"(anonymous_4)","line":133,"loc":{"start":{"line":133,"column":15},"end":{"line":133,"column":33}}},"5":{"name":"(anonymous_5)","line":137,"loc":{"start":{"line":137,"column":17},"end":{"line":137,"column":35}}}},"statementMap":{"1":{"start":{"line":3,"column":0},"end":{"line":141,"column":2}},"2":{"start":{"line":4,"column":2},"end":{"line":4,"column":86}},"3":{"start":{"line":5,"column":2},"end":{"line":5,"column":77}},"4":{"start":{"line":6,"column":2},"end":{"line":6,"column":37}},"5":{"start":{"line":7,"column":2},"end":{"line":7,"column":63}},"6":{"start":{"line":8,"column":2},"end":{"line":8,"column":37}},"7":{"start":{"line":9,"column":2},"end":{"line":9,"column":18}},"8":{"start":{"line":11,"column":2},"end":{"line":42,"column":4}},"9":{"start":{"line":12,"column":4},"end":{"line":12,"column":54}},"10":{"start":{"line":13,"column":4},"end":{"line":13,"column":20}},"11":{"start":{"line":14,"column":4},"end":{"line":15,"column":19}},"12":{"start":{"line":15,"column":6},"end":{"line":15,"column":19}},"13":{"start":{"line":16,"column":6},"end":{"line":20,"column":9}},"14":{"start":{"line":17,"column":8},"end":{"line":20,"column":9}},"15":{"start":{"line":18,"column":12},"end":{"line":18,"column":28}},"16":{"start":{"line":19,"column":6},"end":{"line":19,"column":12}},"17":{"start":{"line":22,"column":4},"end":{"line":41,"column":19}},"18":{"start":{"line":23,"column":6},"end":{"line":23,"column":35}},"19":{"start":{"line":24,"column":6},"end":{"line":24,"column":32}},"20":{"start":{"line":25,"column":6},"end":{"line":25,"column":14}},"21":{"start":{"line":26,"column":6},"end":{"line":27,"column":42}},"22":{"start":{"line":27,"column":8},"end":{"line":27,"column":42}},"23":{"start":{"line":28,"column":8},"end":{"line":28,"column":50}},"24":{"start":{"line":29,"column":8},"end":{"line":30,"column":23}},"25":{"start":{"line":30,"column":10},"end":{"line":30,"column":23}},"26":{"start":{"line":31,"column":8},"end":{"line":31,"column":38}},"27":{"start":{"line":32,"column":8},"end":{"line":32,"column":16}},"28":{"start":{"line":33,"column":8},"end":{"line":34,"column":44}},"29":{"start":{"line":34,"column":10},"end":{"line":34,"column":44}},"30":{"start":{"line":35,"column":10},"end":{"line":35,"column":52}},"31":{"start":{"line":36,"column":8},"end":{"line":37,"column":23}},"32":{"start":{"line":37,"column":10},"end":{"line":37,"column":23}},"33":{"start":{"line":38,"column":6},"end":{"line":38,"column":18}},"34":{"start":{"line":41,"column":6},"end":{"line":41,"column":19}},"35":{"start":{"line":44,"column":2},"end":{"line":47,"column":5}},"36":{"start":{"line":45,"column":4},"end":{"line":45,"column":41}},"37":{"start":{"line":46,"column":4},"end":{"line":46,"column":58}},"38":{"start":{"line":49,"column":2},"end":{"line":57,"column":5}},"39":{"start":{"line":50,"column":4},"end":{"line":50,"column":44}},"40":{"start":{"line":51,"column":4},"end":{"line":56,"column":5}},"41":{"start":{"line":52,"column":6},"end":{"line":52,"column":54}},"42":{"start":{"line":54,"column":6},"end":{"line":54,"column":43}},"43":{"start":{"line":55,"column":6},"end":{"line":55,"column":55}},"44":{"start":{"line":59,"column":2},"end":{"line":62,"column":5}},"45":{"start":{"line":60,"column":4},"end":{"line":60,"column":41}},"46":{"start":{"line":61,"column":4},"end":{"line":61,"column":57}},"47":{"start":{"line":64,"column":2},"end":{"line":67,"column":5}},"48":{"start":{"line":65,"column":4},"end":{"line":65,"column":41}},"49":{"start":{"line":66,"column":4},"end":{"line":66,"column":57}},"50":{"start":{"line":69,"column":2},"end":{"line":72,"column":5}},"51":{"start":{"line":70,"column":4},"end":{"line":70,"column":41}},"52":{"start":{"line":71,"column":4},"end":{"line":71,"column":50}},"53":{"start":{"line":74,"column":2},"end":{"line":89,"column":5}},"54":{"start":{"line":77,"column":4},"end":{"line":77,"column":35}},"55":{"start":{"line":78,"column":4},"end":{"line":88,"column":5}},"56":{"start":{"line":79,"column":6},"end":{"line":79,"column":56}},"57":{"start":{"line":81,"column":6},"end":{"line":81,"column":45}},"58":{"start":{"line":82,"column":6},"end":{"line":87,"column":7}},"59":{"start":{"line":83,"column":8},"end":{"line":83,"column":56}},"60":{"start":{"line":85,"column":8},"end":{"line":85,"column":45}},"61":{"start":{"line":86,"column":8},"end":{"line":86,"column":58}},"62":{"start":{"line":91,"column":2},"end":{"line":108,"column":5}},"63":{"start":{"line":94,"column":4},"end":{"line":94,"column":35}},"64":{"start":{"line":95,"column":4},"end":{"line":107,"column":5}},"65":{"start":{"line":96,"column":6},"end":{"line":96,"column":56}},"66":{"start":{"line":98,"column":6},"end":{"line":98,"column":58}},"67":{"start":{"line":99,"column":6},"end":{"line":99,"column":33}},"68":{"start":{"line":100,"column":6},"end":{"line":100,"column":25}},"69":{"start":{"line":101,"column":6},"end":{"line":106,"column":7}},"70":{"start":{"line":102,"column":8},"end":{"line":102,"column":56}},"71":{"start":{"line":104,"column":8},"end":{"line":104,"column":45}},"72":{"start":{"line":105,"column":8},"end":{"line":105,"column":54}},"73":{"start":{"line":110,"column":2},"end":{"line":118,"column":5}},"74":{"start":{"line":111,"column":4},"end":{"line":111,"column":45}},"75":{"start":{"line":112,"column":4},"end":{"line":117,"column":5}},"76":{"start":{"line":113,"column":6},"end":{"line":113,"column":54}},"77":{"start":{"line":115,"column":6},"end":{"line":115,"column":43}},"78":{"start":{"line":116,"column":6},"end":{"line":116,"column":52}},"79":{"start":{"line":121,"column":2},"end":{"line":123,"column":5}},"80":{"start":{"line":122,"column":4},"end":{"line":122,"column":45}},"81":{"start":{"line":125,"column":2},"end":{"line":127,"column":5}},"82":{"start":{"line":126,"column":4},"end":{"line":126,"column":45}},"83":{"start":{"line":129,"column":2},"end":{"line":131,"column":5}},"84":{"start":{"line":130,"column":4},"end":{"line":130,"column":45}},"85":{"start":{"line":133,"column":2},"end":{"line":135,"column":5}},"86":{"start":{"line":134,"column":4},"end":{"line":134,"column":45}},"87":{"start":{"line":137,"column":2},"end":{"line":139,"column":5}},"88":{"start":{"line":138,"column":4},"end":{"line":138,"column":45}}},"branchMap":{"1":{"line":14,"type":"if","locations":[{"start":{"line":14,"column":4},"end":{"line":14,"column":4}},{"start":{"line":14,"column":4},"end":{"line":14,"column":4}}]},"2":{"line":17,"type":"if","locations":[{"start":{"line":17,"column":8},"end":{"line":17,"column":8}},{"start":{"line":17,"column":8},"end":{"line":17,"column":8}}]},"3":{"line":22,"type":"if","locations":[{"start":{"line":22,"column":4},"end":{"line":22,"column":4}},{"start":{"line":22,"column":4},"end":{"line":22,"column":4}}]},"4":{"line":28,"type":"cond-expr","locations":[{"start":{"line":28,"column":32},"end":{"line":28,"column":33}},{"start":{"line":28,"column":36},"end":{"line":28,"column":49}}]},"5":{"line":29,"type":"if","locations":[{"start":{"line":29,"column":8},"end":{"line":29,"column":8}},{"start":{"line":29,"column":8},"end":{"line":29,"column":8}}]},"6":{"line":35,"type":"cond-expr","locations":[{"start":{"line":35,"column":34},"end":{"line":35,"column":35}},{"start":{"line":35,"column":38},"end":{"line":35,"column":51}}]},"7":{"line":36,"type":"if","locations":[{"start":{"line":36,"column":8},"end":{"line":36,"column":8}},{"start":{"line":36,"column":8},"end":{"line":36,"column":8}}]},"8":{"line":51,"type":"if","locations":[{"start":{"line":51,"column":4},"end":{"line":51,"column":4}},{"start":{"line":51,"column":4},"end":{"line":51,"column":4}}]},"9":{"line":78,"type":"if","locations":[{"start":{"line":78,"column":4},"end":{"line":78,"column":4}},{"start":{"line":78,"column":4},"end":{"line":78,"column":4}}]},"10":{"line":82,"type":"if","locations":[{"start":{"line":82,"column":6},"end":{"line":82,"column":6}},{"start":{"line":82,"column":6},"end":{"line":82,"column":6}}]},"11":{"line":95,"type":"if","locations":[{"start":{"line":95,"column":4},"end":{"line":95,"column":4}},{"start":{"line":95,"column":4},"end":{"line":95,"column":4}}]},"12":{"line":101,"type":"if","locations":[{"start":{"line":101,"column":6},"end":{"line":101,"column":6}},{"start":{"line":101,"column":6},"end":{"line":101,"column":6}}]},"13":{"line":112,"type":"if","locations":[{"start":{"line":112,"column":4},"end":{"line":112,"column":4}},{"start":{"line":112,"column":4},"end":{"line":112,"column":4}}]}}},"/Users/edsonluizfragnan/Desktop/MaxMilhas/app_maxmilhas/app/log/logger.js":{"path":"/Users/edsonluizfragnan/Desktop/MaxMilhas/app_maxmilhas/app/log/logger.js","s":{"1":1,"2":1,"3":1,"4":0,"5":1},"b":{"1":[0,1]},"f":{},"fnMap":{},"statementMap":{"1":{"start":{"line":3,"column":0},"end":{"line":3,"column":35}},"2":{"start":{"line":4,"column":0},"end":{"line":4,"column":25}},"3":{"start":{"line":6,"column":0},"end":{"line":8,"column":1}},"4":{"start":{"line":7,"column":2},"end":{"line":7,"column":23}},"5":{"start":{"line":10,"column":0},"end":{"line":18,"column":4}}},"branchMap":{"1":{"line":6,"type":"if","locations":[{"start":{"line":6,"column":0},"end":{"line":6,"column":0}},{"start":{"line":6,"column":0},"end":{"line":6,"column":0}}]}}}}