TN:
SF:/Users/edsonluizfragnan/Desktop/MaxMilhas/app_maxmilhas/app/config/db.js
FNF:0
FNH:0
DA:3,1
DA:5,1
DA:6,1
DA:8,1
DA:9,1
DA:10,1
DA:13,1
LF:7
LH:7
BRF:0
BRH:0
end_of_record
TN:
SF:/Users/edsonluizfragnan/Desktop/MaxMilhas/app_maxmilhas/app/models/model.js
FNF:0
FNH:0
DA:3,1
DA:4,1
DA:6,1
DA:9,1
DA:10,1
DA:11,0
DA:15,0
DA:17,1
DA:22,1
DA:23,1
DA:24,0
DA:28,0
DA:30,1
DA:36,2
DA:37,2
DA:38,0
DA:40,2
DA:45,1
DA:46,1
DA:47,0
DA:51,0
DA:53,1
DA:58,10
DA:59,10
DA:60,10
DA:61,10
DA:65,10
DA:67,0
DA:68,0
DA:74,0
DA:75,0
DA:76,0
DA:77,0
DA:81,0
DA:83,0
DA:84,0
DA:90,1
DA:91,1
DA:92,1
DA:93,0
DA:97,0
DA:99,1
DA:105,1
DA:106,1
DA:107,1
DA:108,0
DA:112,0
DA:114,1
LF:48
LH:28
BRDA:10,1,0,0
BRDA:10,1,1,1
BRDA:23,2,0,0
BRDA:23,2,1,1
BRDA:37,3,0,0
BRDA:37,3,1,2
BRDA:46,4,0,0
BRDA:46,4,1,1
BRDA:60,5,0,10
BRDA:60,5,1,0
BRDA:76,6,0,0
BRDA:76,6,1,0
BRDA:92,7,0,0
BRDA:92,7,1,1
BRDA:107,8,0,0
BRDA:107,8,1,1
BRF:16
BRH:7
end_of_record
TN:
SF:/Users/edsonluizfragnan/Desktop/MaxMilhas/app_maxmilhas/app/log/logger.js
FNF:0
FNH:0
DA:3,1
DA:4,1
DA:6,1
DA:7,0
DA:10,1
LF:5
LH:4
BRDA:6,1,0,0
BRDA:6,1,1,1
BRF:2
BRH:1
end_of_record
