TN:
SF:/Users/edsonluizfragnan/Desktop/MaxMilhas/app_maxmilhas/app/app.js
FNF:0
FNH:0
DA:3,1
DA:7,1
DA:14,1
LF:3
LH:3
BRF:0
BRH:0
end_of_record
TN:
SF:/Users/edsonluizfragnan/Desktop/MaxMilhas/app_maxmilhas/app/config/db.js
FNF:0
FNH:0
DA:3,1
DA:5,1
DA:6,1
DA:8,1
DA:9,1
DA:10,1
DA:13,1
LF:7
LH:7
BRF:0
BRH:0
end_of_record
TN:
SF:/Users/edsonluizfragnan/Desktop/MaxMilhas/app_maxmilhas/app/config/infra.js
FNF:0
FNH:0
DA:3,1
DA:4,1
DA:5,1
DA:7,1
DA:8,1
DA:9,0
LF:6
LH:5
BRDA:4,1,0,1
BRDA:4,1,1,1
BRF:2
BRH:2
end_of_record
TN:
SF:/Users/edsonluizfragnan/Desktop/MaxMilhas/app_maxmilhas/app/models/CpfDao.js
FN:5,(anonymous_1)
FN:9,(anonymous_2)
FN:13,(anonymous_3)
FN:17,(anonymous_4)
FN:21,(anonymous_5)
FN:25,(anonymous_6)
FN:29,(anonymous_7)
FN:33,(anonymous_8)
FN:37,(anonymous_9)
FNF:9
FNH:9
FNDA:14,(anonymous_1)
FNDA:1,(anonymous_2)
FNDA:1,(anonymous_3)
FNDA:2,(anonymous_4)
FNDA:1,(anonymous_5)
FNDA:2,(anonymous_6)
FNDA:1,(anonymous_7)
FNDA:7,(anonymous_8)
FNDA:1,(anonymous_9)
DA:6,14
DA:10,1
DA:14,1
DA:18,2
DA:22,1
DA:26,2
DA:30,1
DA:34,7
DA:38,1
DA:42,1
DA:43,1
LF:11
LH:11
BRF:0
BRH:0
end_of_record
TN:
SF:/Users/edsonluizfragnan/Desktop/MaxMilhas/app_maxmilhas/app/routes/index.js
FN:121,(anonymous_1)
FN:125,(anonymous_2)
FN:129,(anonymous_3)
FN:133,(anonymous_4)
FN:137,(anonymous_5)
FNF:5
FNH:5
FNDA:1,(anonymous_1)
FNDA:1,(anonymous_2)
FNDA:1,(anonymous_3)
FNDA:1,(anonymous_4)
FNDA:1,(anonymous_5)
DA:3,1
DA:4,1
DA:5,1
DA:6,1
DA:7,1
DA:8,1
DA:9,1
DA:11,1
DA:12,7
DA:13,7
DA:14,7
DA:15,0
DA:16,7
DA:17,7
DA:18,7
DA:19,7
DA:22,7
DA:23,7
DA:24,7
DA:25,7
DA:26,7
DA:27,63
DA:28,7
DA:29,7
DA:30,1
DA:31,6
DA:32,6
DA:33,6
DA:34,60
DA:35,6
DA:36,6
DA:37,3
DA:38,3
DA:41,0
DA:44,1
DA:45,1
DA:46,1
DA:49,1
DA:50,2
DA:51,2
DA:52,1
DA:54,1
DA:55,1
DA:59,1
DA:60,1
DA:61,1
DA:64,1
DA:65,1
DA:66,1
DA:69,1
DA:70,1
DA:71,1
DA:74,1
DA:77,3
DA:78,3
DA:79,2
DA:81,1
DA:82,1
DA:83,1
DA:85,0
DA:86,0
DA:91,1
DA:94,3
DA:95,3
DA:96,2
DA:98,1
DA:99,1
DA:100,1
DA:101,1
DA:102,0
DA:104,1
DA:105,1
DA:110,1
DA:111,3
DA:112,3
DA:113,2
DA:115,1
DA:116,1
DA:121,1
DA:122,1
DA:125,1
DA:126,1
DA:129,1
DA:130,1
DA:133,1
DA:134,1
DA:137,1
DA:138,1
LF:88
LH:83
BRDA:14,1,0,0
BRDA:14,1,1,7
BRDA:17,2,0,7
BRDA:17,2,1,0
BRDA:22,3,0,7
BRDA:22,3,1,0
BRDA:28,4,0,2
BRDA:28,4,1,5
BRDA:29,5,0,1
BRDA:29,5,1,6
BRDA:35,6,0,2
BRDA:35,6,1,4
BRDA:36,7,0,3
BRDA:36,7,1,3
BRDA:51,8,0,1
BRDA:51,8,1,1
BRDA:78,9,0,2
BRDA:78,9,1,1
BRDA:82,10,0,1
BRDA:82,10,1,0
BRDA:95,11,0,2
BRDA:95,11,1,1
BRDA:101,12,0,0
BRDA:101,12,1,1
BRDA:112,13,0,2
BRDA:112,13,1,1
BRF:26
BRH:21
end_of_record
TN:
SF:/Users/edsonluizfragnan/Desktop/MaxMilhas/app_maxmilhas/app/log/logger.js
FNF:0
FNH:0
DA:3,1
DA:4,1
DA:6,1
DA:7,0
DA:10,1
LF:5
LH:4
BRDA:6,1,0,0
BRDA:6,1,1,1
BRF:2
BRH:1
end_of_record
